#
# There is insufficient memory for the Java Runtime Environment to continue.
# Native memory allocation (mmap) failed to map 21474836480 bytes for Failed to commit area from 0x0000000300000000 to 0x0000000800000000 of length 21474836480.
# Possible reasons:
#   The system is out of physical RAM or swap space
#   The process is running with CompressedOops enabled, and the Java Heap may be blocking the growth of the native heap
# Possible solutions:
#   Reduce memory load on the system
#   Increase physical memory or swap space
#   Check if swap backing store is full
#   Decrease Java heap size (-Xmx/-Xms)
#   Decrease number of Java threads
#   Decrease Java thread stack sizes (-Xss)
#   Set larger code cache with -XX:ReservedCodeCacheSize=
# This output file may be truncated or incomplete.
#
#  Out of Memory Error (t:/workspace/open/src/hotspot/os/windows/os_windows.cpp:3301), pid=12820, tid=8372
#
# JRE version:  (13.0.2+8) (build )
# Java VM: Java HotSpot(TM) 64-Bit Server VM (13.0.2+8, mixed mode, aot, sharing, tiered, compressed oops, g1 gc, windows-amd64)
# No core dump will be written. Minidumps are not enabled by default on client versions of Windows
#

---------------  S U M M A R Y ------------

Command Line: -Xms20480M -Dfile.encoding=Cp1252 ApplicationFrame

Host: Intel(R) Core(TM) i7-3770S CPU @ 3.10GHz, 8 cores, 31G,  Windows 10 , 64 bit Build 19041 (10.0.19041.804)
Time: Thu Mar  4 11:47:01 2021 GMT Standard Time elapsed time: 0 seconds (0d 0h 0m 0s)

---------------  T H R E A D  ---------------

Current thread (0x0000021779bd8800):  JavaThread "Unknown thread" [_thread_in_vm, id=8372, stack(0x000000d46c700000,0x000000d46c800000)]

Stack: [0x000000d46c700000,0x000000d46c800000]
Native frames: (J=compiled Java code, j=interpreted, Vv=VM code, C=native code)
V  [jvm.dll+0x624f9a]
V  [jvm.dll+0x770cfa]
V  [jvm.dll+0x7724af]
V  [jvm.dll+0x772ab3]
V  [jvm.dll+0x24bf08]
V  [jvm.dll+0x6222aa]
V  [jvm.dll+0x6170b5]
V  [jvm.dll+0x30a88c]
V  [jvm.dll+0x30a6c2]
V  [jvm.dll+0x30fe36]
V  [jvm.dll+0x353f46]
V  [jvm.dll+0x353720]
V  [jvm.dll+0x2e550a]
V  [jvm.dll+0x2e67a2]
V  [jvm.dll+0x74dd78]
V  [jvm.dll+0x361989]
V  [jvm.dll+0x730e65]
V  [jvm.dll+0x3cc53f]
V  [jvm.dll+0x3ce861]
C  [jli.dll+0x51ff]
C  [ucrtbase.dll+0x21bb2]
C  [KERNEL32.DLL+0x17034]
C  [ntdll.dll+0x4d241]


---------------  P R O C E S S  ---------------

Threads class SMR info:
_java_thread_list=0x00007ffb2faaccb8, length=0, elements={
}

Java Threads: ( => current thread )

Other Threads:
  0x0000021779cb3800 GCTaskThread "GC Thread#0" [stack: 0x000000d46c800000,0x000000d46c900000] [id=3500]
  0x000002177e8ec000 ConcurrentGCThread "G1 Main Marker" [stack: 0x000000d46c900000,0x000000d46ca00000] [id=14016]
  0x000002177e8ee000 ConcurrentGCThread "G1 Conc#0" [stack: 0x000000d46ca00000,0x000000d46cb00000] [id=10856]

[error occurred during error reporting (printing all threads), id 0xc0000005, EXCEPTION_ACCESS_VIOLATION (0xc0000005) at pc=0x00007ffb2f2e51d7]

VM state:not at safepoint (not fully initialized)

VM Mutex/Monitor currently owned by a thread:  ([mutex/lock_event])
[0x0000021779bd47e0] Heap_lock - owner thread: 0x0000021779bd8800

Heap address: 0x0000000300000000, size: 20480 MB, Compressed Oops mode: Non-zero based: 0x0000000300000000
Narrow klass base: 0x0000000000000000, Narrow klass shift: 0

GC Heap History (0 events):
No events

Deoptimization events (0 events):
No events

Classes unloaded (0 events):
No events

Classes redefined (0 events):
No events

Internal exceptions (0 events):
No events

Events (8 events):
Event: 0.006 Loaded shared library C:\Program Files\Java\jdk-13.0.2\bin\zip.dll
Event: 0.007 Loaded shared library C:\Program Files\Java\jdk-13.0.2\bin\jimage.dll
Event: 0.009 Loading shared library C:\Program Files\Java\jdk-13.0.2\lib\libjava.base-coop.dll failed, error code 126
Event: 0.009 Loading shared library C:\Program Files\Java\jdk-13.0.2\lib\libjava.logging-coop.dll failed, error code 126
Event: 0.009 Loading shared library C:\Program Files\Java\jdk-13.0.2\lib\libjdk.compiler-coop.dll failed, error code 126
Event: 0.009 Loading shared library C:\Program Files\Java\jdk-13.0.2\lib\libjdk.scripting.nashorn-coop.dll failed, error code 126
Event: 0.009 Loading shared library C:\Program Files\Java\jdk-13.0.2\lib\libjdk.internal.vm.ci-coop.dll failed, error code 126
Event: 0.009 Loading shared library C:\Program Files\Java\jdk-13.0.2\lib\libjdk.internal.vm.compiler-coop.dll failed, error code 126


Dynamic libraries:
0x00007ff612c00000 - 0x00007ff612c0f000 	C:\Program Files\Java\jdk-13.0.2\bin\javaw.exe
0x00007ffb8b070000 - 0x00007ffb8b266000 	C:\WINDOWS\SYSTEM32\ntdll.dll
0x00007ffb897d0000 - 0x00007ffb8988d000 	C:\WINDOWS\System32\KERNEL32.DLL
0x00007ffb88ca0000 - 0x00007ffb88f69000 	C:\WINDOWS\System32\KERNELBASE.dll
0x00007ffb88fd0000 - 0x00007ffb890d0000 	C:\WINDOWS\System32\ucrtbase.dll
0x00007ffb836b0000 - 0x00007ffb836c8000 	C:\Program Files\Java\jdk-13.0.2\bin\jli.dll
0x00007ffb81300000 - 0x00007ffb81315000 	C:\Program Files\Java\jdk-13.0.2\bin\VCRUNTIME140.dll
0x00007ffb89900000 - 0x00007ffb899ac000 	C:\WINDOWS\System32\ADVAPI32.dll
0x00007ffb890d0000 - 0x00007ffb8916e000 	C:\WINDOWS\System32\msvcrt.dll
0x00007ffb8a6a0000 - 0x00007ffb8a73c000 	C:\WINDOWS\System32\sechost.dll
0x00007ffb893c0000 - 0x00007ffb894eb000 	C:\WINDOWS\System32\RPCRT4.dll
0x00007ffb8ae90000 - 0x00007ffb8b030000 	C:\WINDOWS\System32\USER32.dll
0x00007ffb7ae70000 - 0x00007ffb7b10b000 	C:\WINDOWS\WinSxS\amd64_microsoft.windows.common-controls_6595b64144ccf1df_6.0.19041.746_none_ca02b4b61b8320a4\COMCTL32.dll
0x00007ffb88fa0000 - 0x00007ffb88fc2000 	C:\WINDOWS\System32\win32u.dll
0x00007ffb89c00000 - 0x00007ffb89c2a000 	C:\WINDOWS\System32\GDI32.dll
0x00007ffb88800000 - 0x00007ffb8890b000 	C:\WINDOWS\System32\gdi32full.dll
0x00007ffb88970000 - 0x00007ffb88a0d000 	C:\WINDOWS\System32\msvcp_win.dll
0x00007ffb7a890000 - 0x00007ffb7a89a000 	C:\WINDOWS\SYSTEM32\VERSION.dll
0x00007ffb89170000 - 0x00007ffb891a0000 	C:\WINDOWS\System32\IMM32.DLL
0x00007ffb5fd40000 - 0x00007ffb5fddb000 	C:\Program Files\Java\jdk-13.0.2\bin\msvcp140.dll
0x00007ffb2eff0000 - 0x00007ffb2fb4d000 	C:\Program Files\Java\jdk-13.0.2\bin\server\jvm.dll
0x00007ffb8a180000 - 0x00007ffb8a188000 	C:\WINDOWS\System32\PSAPI.DLL
0x00007ffb7e240000 - 0x00007ffb7e267000 	C:\WINDOWS\SYSTEM32\WINMM.dll
0x00007ffb72900000 - 0x00007ffb72909000 	C:\WINDOWS\SYSTEM32\WSOCK32.dll
0x00007ffb896e0000 - 0x00007ffb8974b000 	C:\WINDOWS\System32\WS2_32.dll
0x00007ffb86720000 - 0x00007ffb86732000 	C:\WINDOWS\SYSTEM32\kernel.appcore.dll
0x00007ffb6fd30000 - 0x00007ffb6fd40000 	C:\Program Files\Java\jdk-13.0.2\bin\verify.dll
0x00007ffb82c70000 - 0x00007ffb82e54000 	C:\WINDOWS\SYSTEM32\DBGHELP.DLL
0x00007ffb82570000 - 0x00007ffb8259c000 	C:\WINDOWS\SYSTEM32\dbgcore.DLL
0x00007ffb88a10000 - 0x00007ffb88a90000 	C:\WINDOWS\System32\bcryptPrimitives.dll
0x00007ffb5f880000 - 0x00007ffb5f8a6000 	C:\Program Files\Java\jdk-13.0.2\bin\java.dll
0x00007ffb5f860000 - 0x00007ffb5f877000 	C:\Program Files\Java\jdk-13.0.2\bin\zip.dll
0x00007ffb689f0000 - 0x00007ffb689fa000 	C:\Program Files\Java\jdk-13.0.2\bin\jimage.dll

dbghelp: loaded successfully - version: 4.0.5 - missing functions: none
symbol engine: initialized successfully - sym options: 0x614 - pdb path: .;C:\Program Files\Java\jdk-13.0.2\bin;C:\WINDOWS\SYSTEM32;C:\WINDOWS\WinSxS\amd64_microsoft.windows.common-controls_6595b64144ccf1df_6.0.19041.746_none_ca02b4b61b8320a4;C:\Program Files\Java\jdk-13.0.2\bin\server

VM Arguments:
jvm_args: -Xms20480M -Dfile.encoding=Cp1252 
java_command: ApplicationFrame
java_class_path (initial): C:\simon\mouse_organ\Compositer01\bin;C:\simon\mouse_organ\external libs\batik-1.12\lib\batik-all-1.12.jar;C:\simon\mouse_organ\external libs\commons-io-2.6-bin\commons-io-2.6\commons-io-2.6.jar;C:\simon\mouse_organ\external libs\w3c.jar\w3c.jar
Launcher Type: SUN_STANDARD

[Global flags]
     intx CICompilerCount                          = 4                                         {product} {ergonomic}
     uint ConcGCThreads                            = 2                                         {product} {ergonomic}
     uint G1ConcRefinementThreads                  = 8                                         {product} {ergonomic}
   size_t G1HeapRegionSize                         = 8388608                                   {product} {ergonomic}
    uintx GCDrainStackTargetSize                   = 64                                        {product} {ergonomic}
   size_t InitialHeapSize                          = 21474836480                               {product} {command line}
   size_t MarkStackSize                            = 4194304                                   {product} {ergonomic}
   size_t MaxHeapSize                              = 21474836480                               {product} {ergonomic}
   size_t MinHeapDeltaBytes                        = 8388608                                   {product} {ergonomic}
   size_t MinHeapSize                              = 21474836480                               {product} {command line}
    uintx NonNMethodCodeHeapSize                   = 5839372                                {pd product} {ergonomic}
    uintx NonProfiledCodeHeapSize                  = 122909434                              {pd product} {ergonomic}
    uintx ProfiledCodeHeapSize                     = 122909434                              {pd product} {ergonomic}
    uintx ReservedCodeCacheSize                    = 251658240                              {pd product} {ergonomic}
     bool SegmentedCodeCache                       = true                                      {product} {ergonomic}
   size_t SoftMaxHeapSize                          = 21474836480                            {manageable} {ergonomic}
     bool UseCompressedClassPointers               = true                                 {lp64_product} {ergonomic}
     bool UseCompressedOops                        = true                                 {lp64_product} {ergonomic}
     bool UseG1GC                                  = true                                      {product} {ergonomic}
     bool UseLargePagesIndividualAllocation        = false                                  {pd product} {ergonomic}

Logging:
Log output configuration:
 #0: stdout all=warning uptime,level,tags
 #1: stderr all=off uptime,level,tags

Environment Variables:
CLASSPATH=.;.;C:\PROGRA~2\JMF21~1.1E\lib\sound.jar;C:\PROGRA~2\JMF21~1.1E\lib\jmf.jar;C:\PROGRA~2\JMF21~1.1E\lib;
PATH=C:/Program Files/Java/jdk-13.0.2/bin/server;C:/Program Files/Java/jdk-13.0.2/bin;C:\WINDOWS\system32;C:\WINDOWS;C:\WINDOWS\System32\Wbem;C:\WINDOWS\System32\WindowsPowerShell\v1.0\;C:\WINDOWS\System32\OpenSSH\;C:\Users\User\AppData\Local\Microsoft\WindowsApps;C:\Users\User\AppData\Local\GitHubDesktop\bin;%USERPROFILE%\AppData\Local\Microsoft\WindowsApps;;C:\WINDOWS\system32;
USERNAME=User
OS=Windows_NT
PROCESSOR_IDENTIFIER=Intel64 Family 6 Model 58 Stepping 9, GenuineIntel



---------------  S Y S T E M  ---------------

OS: Windows 10 , 64 bit Build 19041 (10.0.19041.804)

CPU:total 8 (initial active 8) (4 cores per cpu, 2 threads per core) family 6 model 58 stepping 9, cmov, cx8, fxsr, mmx, sse, sse2, sse3, ssse3, sse4.1, sse4.2, popcnt, avx, aes, clmul, erms, ht, tsc, tscinvbit, tscinv

Memory: 4k page, system-wide physical 32642M (1540M free)
TotalPageFile size 77906M (AvailPageFile size 8447M)
current process WorkingSet (physical memory assigned to process): 10M, peak: 10M
current process commit charge ("private bytes"): 61M, peak: 20540M

vm_info: Java HotSpot(TM) 64-Bit Server VM (13.0.2+8) for windows-amd64 JRE (13.0.2+8), built on Dec 11 2019 09:20:33 by "mach5one" with unknown MS VC++:1916

END.
