#
# There is insufficient memory for the Java Runtime Environment to continue.
# Native memory allocation (mmap) failed to map 21474836480 bytes for Failed to commit area from 0x0000000300000000 to 0x0000000800000000 of length 21474836480.
# Possible reasons:
#   The system is out of physical RAM or swap space
#   The process is running with CompressedOops enabled, and the Java Heap may be blocking the growth of the native heap
# Possible solutions:
#   Reduce memory load on the system
#   Increase physical memory or swap space
#   Check if swap backing store is full
#   Decrease Java heap size (-Xmx/-Xms)
#   Decrease number of Java threads
#   Decrease Java thread stack sizes (-Xss)
#   Set larger code cache with -XX:ReservedCodeCacheSize=
# This output file may be truncated or incomplete.
#
#  Out of Memory Error (t:/workspace/open/src/hotspot/os/windows/os_windows.cpp:3301), pid=13464, tid=7428
#
# JRE version:  (13.0.2+8) (build )
# Java VM: Java HotSpot(TM) 64-Bit Server VM (13.0.2+8, mixed mode, aot, sharing, tiered, compressed oops, g1 gc, windows-amd64)
# No core dump will be written. Minidumps are not enabled by default on client versions of Windows
#

---------------  S U M M A R Y ------------

Command Line: -Xms20480M -Dfile.encoding=Cp1252 ApplicationMain

Host: Intel(R) Core(TM) i7-3770S CPU @ 3.10GHz, 8 cores, 31G,  Windows 10 , 64 bit Build 19041 (10.0.19041.1348)
Time: Fri Dec 31 09:09:55 2021 GMT Standard Time elapsed time: 0 seconds (0d 0h 0m 0s)

---------------  T H R E A D  ---------------

Current thread (0x000002501cfb8000):  JavaThread "Unknown thread" [_thread_in_vm, id=7428, stack(0x0000005fd0300000,0x0000005fd0400000)]

Stack: [0x0000005fd0300000,0x0000005fd0400000]
Native frames: (J=compiled Java code, j=interpreted, Vv=VM code, C=native code)
V  [jvm.dll+0x624f9a]
V  [jvm.dll+0x770cfa]
V  [jvm.dll+0x7724af]
V  [jvm.dll+0x772ab3]
V  [jvm.dll+0x24bf08]
V  [jvm.dll+0x6222aa]
V  [jvm.dll+0x6170b5]
V  [jvm.dll+0x30a88c]
V  [jvm.dll+0x30a6c2]
V  [jvm.dll+0x30fe36]
V  [jvm.dll+0x353f46]
V  [jvm.dll+0x353720]
V  [jvm.dll+0x2e550a]
V  [jvm.dll+0x2e67a2]
V  [jvm.dll+0x74dd78]
V  [jvm.dll+0x361989]
V  [jvm.dll+0x730e65]
V  [jvm.dll+0x3cc53f]
V  [jvm.dll+0x3ce861]
C  [jli.dll+0x51ff]
C  [ucrtbase.dll+0x21bb2]
C  [KERNEL32.DLL+0x17034]
C  [ntdll.dll+0x52651]


---------------  P R O C E S S  ---------------

Threads class SMR info:
_java_thread_list=0x00007ffa89b6ccb8, length=0, elements={
}

Java Threads: ( => current thread )

Other Threads:
  0x000002501d094000 GCTaskThread "GC Thread#0" [stack: 0x0000005fd0400000,0x0000005fd0500000] [id=6976]
  0x000002506495b800 ConcurrentGCThread "G1 Main Marker" [stack: 0x0000005fd0500000,0x0000005fd0600000] [id=14504]
  0x000002506495e800 ConcurrentGCThread "G1 Conc#0" [stack: 0x0000005fd0600000,0x0000005fd0700000] [id=2120]

[error occurred during error reporting (printing all threads), id 0xc0000005, EXCEPTION_ACCESS_VIOLATION (0xc0000005) at pc=0x00007ffa893a51d7]

VM state:not at safepoint (not fully initialized)

VM Mutex/Monitor currently owned by a thread:  ([mutex/lock_event])
[0x000002501cfb3950] Heap_lock - owner thread: 0x000002501cfb8000

Heap address: 0x0000000300000000, size: 20480 MB, Compressed Oops mode: Non-zero based: 0x0000000300000000
Narrow klass base: 0x0000000000000000, Narrow klass shift: 0

GC Heap History (0 events):
No events

Deoptimization events (0 events):
No events

Classes unloaded (0 events):
No events

Classes redefined (0 events):
No events

Internal exceptions (0 events):
No events

Events (8 events):
Event: 0.017 Loaded shared library C:\Program Files\Java\jdk-13.0.2\bin\zip.dll
Event: 0.018 Loaded shared library C:\Program Files\Java\jdk-13.0.2\bin\jimage.dll
Event: 0.031 Loading shared library C:\Program Files\Java\jdk-13.0.2\lib\libjava.base-coop.dll failed, error code 126
Event: 0.031 Loading shared library C:\Program Files\Java\jdk-13.0.2\lib\libjava.logging-coop.dll failed, error code 126
Event: 0.031 Loading shared library C:\Program Files\Java\jdk-13.0.2\lib\libjdk.compiler-coop.dll failed, error code 126
Event: 0.031 Loading shared library C:\Program Files\Java\jdk-13.0.2\lib\libjdk.scripting.nashorn-coop.dll failed, error code 126
Event: 0.032 Loading shared library C:\Program Files\Java\jdk-13.0.2\lib\libjdk.internal.vm.ci-coop.dll failed, error code 126
Event: 0.032 Loading shared library C:\Program Files\Java\jdk-13.0.2\lib\libjdk.internal.vm.compiler-coop.dll failed, error code 126


Dynamic libraries:
0x00007ff7d7560000 - 0x00007ff7d756f000 	C:\Program Files\Java\jdk-13.0.2\bin\javaw.exe
0x00007ffad1e10000 - 0x00007ffad2005000 	C:\WINDOWS\SYSTEM32\ntdll.dll
0x00007ffad1800000 - 0x00007ffad18be000 	C:\WINDOWS\System32\KERNEL32.DLL
0x00007ffacf7a0000 - 0x00007ffacfa68000 	C:\WINDOWS\System32\KERNELBASE.dll
0x00007ffacfa70000 - 0x00007ffacfb70000 	C:\WINDOWS\System32\ucrtbase.dll
0x00007ffac4e70000 - 0x00007ffac4e88000 	C:\Program Files\Java\jdk-13.0.2\bin\jli.dll
0x00007ffad1750000 - 0x00007ffad17fc000 	C:\WINDOWS\System32\ADVAPI32.dll
0x00007ffacffd0000 - 0x00007ffad006e000 	C:\WINDOWS\System32\msvcrt.dll
0x00007ffad0d30000 - 0x00007ffad0dcb000 	C:\WINDOWS\System32\sechost.dll
0x00007ffad0e80000 - 0x00007ffad0faa000 	C:\WINDOWS\System32\RPCRT4.dll
0x00007ffad00d0000 - 0x00007ffad0271000 	C:\WINDOWS\System32\USER32.dll
0x00007ffacfe20000 - 0x00007ffacfe42000 	C:\WINDOWS\System32\win32u.dll
0x00007ffad1920000 - 0x00007ffad194b000 	C:\WINDOWS\System32\GDI32.dll
0x00007ffacf660000 - 0x00007ffacf76d000 	C:\WINDOWS\System32\gdi32full.dll
0x00007ffacfb70000 - 0x00007ffacfc0d000 	C:\WINDOWS\System32\msvcp_win.dll
0x00007ffabc580000 - 0x00007ffabc595000 	C:\Program Files\Java\jdk-13.0.2\bin\VCRUNTIME140.dll
0x00007ffac76b0000 - 0x00007ffac794a000 	C:\WINDOWS\WinSxS\amd64_microsoft.windows.common-controls_6595b64144ccf1df_6.0.19041.1110_none_60b5254171f9507e\COMCTL32.dll
0x00007ffac5890000 - 0x00007ffac589a000 	C:\WINDOWS\SYSTEM32\VERSION.dll
0x00007ffad1d90000 - 0x00007ffad1dc0000 	C:\WINDOWS\System32\IMM32.DLL
0x00007ffabbbb0000 - 0x00007ffabbc4b000 	C:\Program Files\Java\jdk-13.0.2\bin\msvcp140.dll
0x00007ffa890b0000 - 0x00007ffa89c0d000 	C:\Program Files\Java\jdk-13.0.2\bin\server\jvm.dll
0x00007ffad1dc0000 - 0x00007ffad1dc8000 	C:\WINDOWS\System32\PSAPI.DLL
0x00007ffabd020000 - 0x00007ffabd029000 	C:\WINDOWS\SYSTEM32\WSOCK32.dll
0x00007ffad1bc0000 - 0x00007ffad1c2b000 	C:\WINDOWS\System32\WS2_32.dll
0x00007ffac82f0000 - 0x00007ffac8317000 	C:\WINDOWS\SYSTEM32\WINMM.dll
0x00007ffacd320000 - 0x00007ffacd332000 	C:\WINDOWS\SYSTEM32\kernel.appcore.dll
0x00007ffac9070000 - 0x00007ffac9080000 	C:\Program Files\Java\jdk-13.0.2\bin\verify.dll
0x00007ffaca350000 - 0x00007ffaca534000 	C:\WINDOWS\SYSTEM32\DBGHELP.DLL
0x00007ffac9f30000 - 0x00007ffac9f5c000 	C:\WINDOWS\SYSTEM32\dbgcore.DLL
0x00007ffacf520000 - 0x00007ffacf5a2000 	C:\WINDOWS\System32\bcryptPrimitives.dll
0x00007ffaab3b0000 - 0x00007ffaab3d6000 	C:\Program Files\Java\jdk-13.0.2\bin\java.dll
0x00007ffabbc90000 - 0x00007ffabbca7000 	C:\Program Files\Java\jdk-13.0.2\bin\zip.dll
0x00007ffabce90000 - 0x00007ffabce9a000 	C:\Program Files\Java\jdk-13.0.2\bin\jimage.dll

dbghelp: loaded successfully - version: 4.0.5 - missing functions: none
symbol engine: initialized successfully - sym options: 0x614 - pdb path: .;C:\Program Files\Java\jdk-13.0.2\bin;C:\WINDOWS\SYSTEM32;C:\WINDOWS\WinSxS\amd64_microsoft.windows.common-controls_6595b64144ccf1df_6.0.19041.1110_none_60b5254171f9507e;C:\Program Files\Java\jdk-13.0.2\bin\server

VM Arguments:
jvm_args: -Xms20480M -Dfile.encoding=Cp1252 
java_command: ApplicationMain
java_class_path (initial): C:\simon\mouse_organ\Compositer01\bin;C:\simon\mouse_organ\external libs\batik-1.12\lib\batik-all-1.12.jar;C:\simon\mouse_organ\external libs\commons-io-2.6-bin\commons-io-2.6\commons-io-2.6.jar;C:\simon\mouse_organ\external libs\w3c.jar\w3c.jar
Launcher Type: SUN_STANDARD

[Global flags]
     intx CICompilerCount                          = 4                                         {product} {ergonomic}
     uint ConcGCThreads                            = 2                                         {product} {ergonomic}
     uint G1ConcRefinementThreads                  = 8                                         {product} {ergonomic}
   size_t G1HeapRegionSize                         = 8388608                                   {product} {ergonomic}
    uintx GCDrainStackTargetSize                   = 64                                        {product} {ergonomic}
   size_t InitialHeapSize                          = 21474836480                               {product} {command line}
   size_t MarkStackSize                            = 4194304                                   {product} {ergonomic}
   size_t MaxHeapSize                              = 21474836480                               {product} {ergonomic}
   size_t MinHeapDeltaBytes                        = 8388608                                   {product} {ergonomic}
   size_t MinHeapSize                              = 21474836480                               {product} {command line}
    uintx NonNMethodCodeHeapSize                   = 5839372                                {pd product} {ergonomic}
    uintx NonProfiledCodeHeapSize                  = 122909434                              {pd product} {ergonomic}
    uintx ProfiledCodeHeapSize                     = 122909434                              {pd product} {ergonomic}
    uintx ReservedCodeCacheSize                    = 251658240                              {pd product} {ergonomic}
     bool SegmentedCodeCache                       = true                                      {product} {ergonomic}
   size_t SoftMaxHeapSize                          = 21474836480                            {manageable} {ergonomic}
     bool UseCompressedClassPointers               = true                                 {lp64_product} {ergonomic}
     bool UseCompressedOops                        = true                                 {lp64_product} {ergonomic}
     bool UseG1GC                                  = true                                      {product} {ergonomic}
     bool UseLargePagesIndividualAllocation        = false                                  {pd product} {ergonomic}

Logging:
Log output configuration:
 #0: stdout all=warning uptime,level,tags
 #1: stderr all=off uptime,level,tags

Environment Variables:
CLASSPATH=.;.;C:\PROGRA~2\JMF21~1.1E\lib\sound.jar;C:\PROGRA~2\JMF21~1.1E\lib\jmf.jar;C:\PROGRA~2\JMF21~1.1E\lib;
PATH=C:/Program Files/Java/jdk-13.0.2/bin/server;C:/Program Files/Java/jdk-13.0.2/bin;C:\WINDOWS\system32;C:\WINDOWS;C:\WINDOWS\System32\Wbem;C:\WINDOWS\System32\WindowsPowerShell\v1.0\;C:\WINDOWS\System32\OpenSSH\;C:\Users\User\AppData\Local\Microsoft\WindowsApps;C:\Users\User\AppData\Local\GitHubDesktop\bin;%USERPROFILE%\AppData\Local\Microsoft\WindowsApps;;C:\WINDOWS\system32;
USERNAME=User
OS=Windows_NT
PROCESSOR_IDENTIFIER=Intel64 Family 6 Model 58 Stepping 9, GenuineIntel



---------------  S Y S T E M  ---------------

OS: Windows 10 , 64 bit Build 19041 (10.0.19041.1348)

CPU:total 8 (initial active 8) (4 cores per cpu, 2 threads per core) family 6 model 58 stepping 9, cmov, cx8, fxsr, mmx, sse, sse2, sse3, ssse3, sse4.1, sse4.2, popcnt, avx, aes, clmul, erms, ht, tsc, tscinvbit, tscinv

Memory: 4k page, system-wide physical 32642M (1161M free)
TotalPageFile size 80214M (AvailPageFile size 8424M)
current process WorkingSet (physical memory assigned to process): 10M, peak: 10M
current process commit charge ("private bytes"): 61M, peak: 20540M

vm_info: Java HotSpot(TM) 64-Bit Server VM (13.0.2+8) for windows-amd64 JRE (13.0.2+8), built on Dec 11 2019 09:20:33 by "mach5one" with unknown MS VC++:1916

END.
