#
# There is insufficient memory for the Java Runtime Environment to continue.
# Native memory allocation (mmap) failed to map 2147483648 bytes. Error detail: G1 virtual space
# Possible reasons:
#   The system is out of physical RAM or swap space
# Possible solutions:
#   Reduce memory load on the system
#   Increase physical memory or swap space
#   Check if swap backing store is full
#   Decrease Java heap size (-Xmx/-Xms)
#   Decrease number of Java threads
#   Decrease Java thread stack sizes (-Xss)
#   Set larger code cache with -XX:ReservedCodeCacheSize=
# This output file may be truncated or incomplete.
#
#  Out of Memory Error (os_windows.cpp:3613), pid=17224, tid=26708
#
# JRE version: OpenJDK Runtime Environment Temurin-17.0.11+9 (17.0.11+9) (build 17.0.11+9)
# Java VM: OpenJDK 64-Bit Server VM Temurin-17.0.11+9 (17.0.11+9, mixed mode, tiered, compressed class ptrs, g1 gc, windows-amd64)
# No core dump will be written. Minidumps are not enabled by default on client versions of Windows
#

---------------  S U M M A R Y ------------

Command Line: -Xmx50000M -Dfile.encoding=windows-1252 -Dstdout.encoding=windows-1252 -Dstderr.encoding=windows-1252 -XX:+ShowCodeDetailsInExceptionMessages ApplicationMain

Host: Intel(R) Core(TM) i7-6700 CPU @ 3.40GHz, 8 cores, 63G,  Windows 11 , 64 bit Build 22621 (10.0.22621.4391)
Time: Mon Dec  9 15:17:00 2024 GMT Standard Time elapsed time: 2.248181 seconds (0d 0h 0m 2s)

---------------  T H R E A D  ---------------

Current thread (0x000001b5ff718710):  VMThread "VM Thread" [stack: 0x000000aa65a00000,0x000000aa65b00000] [id=26708]

Stack: [0x000000aa65a00000,0x000000aa65b00000]
Native frames: (J=compiled Java code, j=interpreted, Vv=VM code, C=native code)
V  [jvm.dll+0x67d429]
V  [jvm.dll+0x834b7a]
V  [jvm.dll+0x83663e]
V  [jvm.dll+0x836ca3]
V  [jvm.dll+0x247dbf]
V  [jvm.dll+0x67a269]
V  [jvm.dll+0x66ecda]
V  [jvm.dll+0x30797b]
V  [jvm.dll+0x30ee26]
V  [jvm.dll+0x35e80e]
V  [jvm.dll+0x35ea3f]
V  [jvm.dll+0x2de6b8]
V  [jvm.dll+0x2dcac4]
V  [jvm.dll+0x2dc0cc]
V  [jvm.dll+0x31facb]
V  [jvm.dll+0x83b19b]
V  [jvm.dll+0x83bed2]
V  [jvm.dll+0x83c3ed]
V  [jvm.dll+0x83c7c4]
V  [jvm.dll+0x83c890]
V  [jvm.dll+0x7e410a]
V  [jvm.dll+0x67c315]
C  [ucrtbase.dll+0x29333]
C  [KERNEL32.DLL+0x1259d]
C  [ntdll.dll+0x5af38]

VM_Operation (0x000000aa66afde00): G1CollectForAllocation, mode: safepoint, requested by thread 0x000001b5ff8f4a30


---------------  P R O C E S S  ---------------

Threads class SMR info:
_java_thread_list=0x000001c26d1d25f0, length=17, elements={
0x000001b5ff73b020, 0x000001b5ff73cd50, 0x000001b5ff769310, 0x000001b5ff769ce0,
0x000001b5ff76ccc0, 0x000001b5ff76eeb0, 0x000001b5ff78cb50, 0x000001b5ff78f610,
0x000001b5ff790420, 0x000001b5ff8f5450, 0x000001b5ff8f3b00, 0x000001b5ff8f4010,
0x000001b5ff8f5960, 0x000001b5ff8f4520, 0x000001b5ff8f4a30, 0x000001b5ff8f4f40,
0x000001b5ff8f21b0
}

Java Threads: ( => current thread )
  0x000001b5ff73b020 JavaThread "Reference Handler" daemon [_thread_blocked, id=21724, stack(0x000000aa65b00000,0x000000aa65c00000)]
  0x000001b5ff73cd50 JavaThread "Finalizer" daemon [_thread_blocked, id=28596, stack(0x000000aa65c00000,0x000000aa65d00000)]
  0x000001b5ff769310 JavaThread "Signal Dispatcher" daemon [_thread_blocked, id=18676, stack(0x000000aa65d00000,0x000000aa65e00000)]
  0x000001b5ff769ce0 JavaThread "Attach Listener" daemon [_thread_blocked, id=23204, stack(0x000000aa65e00000,0x000000aa65f00000)]
  0x000001b5ff76ccc0 JavaThread "Service Thread" daemon [_thread_blocked, id=28524, stack(0x000000aa65f00000,0x000000aa66000000)]
  0x000001b5ff76eeb0 JavaThread "Monitor Deflation Thread" daemon [_thread_blocked, id=21212, stack(0x000000aa66000000,0x000000aa66100000)]
  0x000001b5ff78cb50 JavaThread "C2 CompilerThread0" daemon [_thread_blocked, id=17384, stack(0x000000aa66100000,0x000000aa66200000)]
  0x000001b5ff78f610 JavaThread "C1 CompilerThread0" daemon [_thread_blocked, id=25452, stack(0x000000aa66200000,0x000000aa66300000)]
  0x000001b5ff790420 JavaThread "Sweeper thread" daemon [_thread_blocked, id=22524, stack(0x000000aa66300000,0x000000aa66400000)]
  0x000001b5ff8f5450 JavaThread "Notification Thread" daemon [_thread_blocked, id=23164, stack(0x000000aa66400000,0x000000aa66500000)]
  0x000001b5ff8f3b00 JavaThread "Common-Cleaner" daemon [_thread_blocked, id=15276, stack(0x000000aa66600000,0x000000aa66700000)]
  0x000001b5ff8f4010 JavaThread "Java2D Disposer" daemon [_thread_blocked, id=21428, stack(0x000000aa66700000,0x000000aa66800000)]
  0x000001b5ff8f5960 JavaThread "AWT-Shutdown" [_thread_blocked, id=22940, stack(0x000000aa66800000,0x000000aa66900000)]
  0x000001b5ff8f4520 JavaThread "AWT-Windows" daemon [_thread_blocked, id=19432, stack(0x000000aa66900000,0x000000aa66a00000)]
  0x000001b5ff8f4a30 JavaThread "AWT-EventQueue-0" [_thread_blocked, id=21820, stack(0x000000aa66a00000,0x000000aa66b00000)]
  0x000001b5ff8f4f40 JavaThread "DestroyJavaVM" [_thread_blocked, id=25536, stack(0x000000aa65400000,0x000000aa65500000)]
  0x000001b5ff8f21b0 JavaThread "TimerQueue" daemon [_thread_blocked, id=23288, stack(0x000000aa66b00000,0x000000aa66c00000)]

Other Threads:
=>0x000001b5ff718710 VMThread "VM Thread" [stack: 0x000000aa65a00000,0x000000aa65b00000] [id=26708]
  0x000001b5ff8fc190 WatcherThread [stack: 0x000000aa66500000,0x000000aa66600000] [id=10208]
  0x000001b5fb154340 GCTaskThread "GC Thread#0" [stack: 0x000000aa65500000,0x000000aa65600000] [id=6668]
  0x000001c26d1e9af0 GCTaskThread "GC Thread#1" [stack: 0x000000aa66c00000,0x000000aa66d00000] [id=12000]
  0x000001c26d1d7770 GCTaskThread "GC Thread#2" [stack: 0x000000aa66d00000,0x000000aa66e00000] [id=12968]
  0x000001c26d1e5370 GCTaskThread "GC Thread#3" [stack: 0x000000aa66e00000,0x000000aa66f00000] [id=20432]
  0x000001c26d1d1340 GCTaskThread "GC Thread#4" [stack: 0x000000aa66f00000,0x000000aa67000000] [id=20688]
  0x000001c26d203dd0 GCTaskThread "GC Thread#5" [stack: 0x000000aa67000000,0x000000aa67100000] [id=14632]
  0x000001c26d204090 GCTaskThread "GC Thread#6" [stack: 0x000000aa67100000,0x000000aa67200000] [id=5676]
  0x000001c26d203590 GCTaskThread "GC Thread#7" [stack: 0x000000aa67200000,0x000000aa67300000] [id=4036]
  0x000001b5fb161d80 ConcurrentGCThread "G1 Main Marker" [stack: 0x000000aa65600000,0x000000aa65700000] [id=25652]
  0x000001b5fb1627a0 ConcurrentGCThread "G1 Conc#0" [stack: 0x000000aa65700000,0x000000aa65800000] [id=21600]
  0x000001b5ff020020 ConcurrentGCThread "G1 Refine#0" [stack: 0x000000aa65800000,0x000000aa65900000] [id=19180]
  0x000001c26d2e9e30 ConcurrentGCThread "G1 Refine#1" [stack: 0x000000aa67300000,0x000000aa67400000] [id=23144]
  0x000001c26d384230 ConcurrentGCThread "G1 Refine#2" [stack: 0x000000aa67400000,0x000000aa67500000] [id=4892]
  0x000001c26d2e3bd0 ConcurrentGCThread "G1 Refine#3" [stack: 0x000000aa67500000,0x000000aa67600000] [id=21664]
  0x000001c26d450410 ConcurrentGCThread "G1 Refine#4" [stack: 0x000000aa67600000,0x000000aa67700000] [id=14848]
  0x000001c26d4541d0 ConcurrentGCThread "G1 Refine#5" [stack: 0x000000aa67700000,0x000000aa67800000] [id=20788]
  0x000001c26d4599e0 ConcurrentGCThread "G1 Refine#6" [stack: 0x000000aa67800000,0x000000aa67900000] [id=22888]
  0x000001c26d45c790 ConcurrentGCThread "G1 Refine#7" [stack: 0x000000aa67900000,0x000000aa67a00000] [id=17636]
  0x000001b5ff020a50 ConcurrentGCThread "G1 Service" [stack: 0x000000aa65900000,0x000000aa65a00000] [id=27552]

Threads with active compile tasks:

VM state: at safepoint (normal execution)

VM Mutex/Monitor currently owned by a thread:  ([mutex/lock_event])
[0x000001b5fb0b3da0] Threads_lock - owner thread: 0x000001b5ff718710
[0x000001b5fb0b3fe0] Heap_lock - owner thread: 0x000001b5ff8f4a30

CDS archive(s) not mapped
Compressed class space mapped at: 0x0000000080000000-0x00000000c0000000, reserved size: 1073741824
Narrow klass base: 0x0000000000000000, Narrow klass shift: 0, Narrow klass range: 0xc0000000

GC Precious Log:
 CPUs: 8 total, 8 available
 Memory: 65425M
 Large Page Support: Disabled
 NUMA Support: Disabled
 Compressed Oops: Disabled
 Heap Region Size: 32M
 Heap Min Capacity: 32M
 Heap Initial Capacity: 1G
 Heap Max Capacity: 50016M
 Pre-touch: Disabled
 Parallel Workers: 8
 Concurrent Workers: 2
 Concurrent Refinement Workers: 8
 Periodic GC: Disabled

Heap:
 garbage-first heap   total 1048576K, used 257207K [0x000001b600000000, 0x000001c236000000)
  region size 32768K, 1 young (32768K), 1 survivors (32768K)
 Metaspace       used 13940K, committed 14080K, reserved 1114112K
  class space    used 1343K, committed 1408K, reserved 1048576K

Heap Regions: E=young(eden), S=young(survivor), O=old, HS=humongous(starts), HC=humongous(continues), CS=collection set, F=free, OA=open archive, CA=closed archive, TAMS=top-at-mark-start (previous, next)
|   0|0x000001b600000000, 0x000001b602000000, 0x000001b602000000|100%|HS|  |TAMS 0x000001b600000000, 0x000001b600000000| Complete 
|   1|0x000001b602000000, 0x000001b604000000, 0x000001b604000000|100%|HS|  |TAMS 0x000001b602000000, 0x000001b602000000| Complete 
|   2|0x000001b604000000, 0x000001b606000000, 0x000001b606000000|100%|HC|  |TAMS 0x000001b604000000, 0x000001b604000000| Complete 
|   3|0x000001b606000000, 0x000001b608000000, 0x000001b608000000|100%|HC|  |TAMS 0x000001b606000000, 0x000001b606000000| Complete 
|   4|0x000001b608000000, 0x000001b60a000000, 0x000001b60a000000|100%| O|  |TAMS 0x000001b608000000, 0x000001b608000000| Untracked 
|   5|0x000001b60a000000, 0x000001b60c000000, 0x000001b60c000000|100%| O|  |TAMS 0x000001b60a000000, 0x000001b60a000000| Untracked 
|   6|0x000001b60c000000, 0x000001b60db2dc00, 0x000001b60e000000| 84%| O|  |TAMS 0x000001b60c000000, 0x000001b60c000000| Untracked 
|   7|0x000001b60e000000, 0x000001b60e000000, 0x000001b610000000|  0%| F|  |TAMS 0x000001b60e000000, 0x000001b60e000000| Untracked 
|   8|0x000001b610000000, 0x000001b610000000, 0x000001b612000000|  0%| F|  |TAMS 0x000001b610000000, 0x000001b610000000| Untracked 
|   9|0x000001b612000000, 0x000001b612000000, 0x000001b614000000|  0%| F|  |TAMS 0x000001b612000000, 0x000001b612000000| Untracked 
|  10|0x000001b614000000, 0x000001b614000000, 0x000001b616000000|  0%| F|  |TAMS 0x000001b614000000, 0x000001b614000000| Untracked 
|  11|0x000001b616000000, 0x000001b616000000, 0x000001b618000000|  0%| F|  |TAMS 0x000001b616000000, 0x000001b616000000| Untracked 
|  12|0x000001b618000000, 0x000001b618000000, 0x000001b61a000000|  0%| F|  |TAMS 0x000001b618000000, 0x000001b618000000| Untracked 
|  13|0x000001b61a000000, 0x000001b61a000000, 0x000001b61c000000|  0%| F|  |TAMS 0x000001b61a000000, 0x000001b61a000000| Untracked 
|  14|0x000001b61c000000, 0x000001b61c000000, 0x000001b61e000000|  0%| F|  |TAMS 0x000001b61c000000, 0x000001b61c000000| Untracked 
|  15|0x000001b61e000000, 0x000001b61e000000, 0x000001b620000000|  0%| F|  |TAMS 0x000001b61e000000, 0x000001b61e000000| Untracked 
|  16|0x000001b620000000, 0x000001b620000000, 0x000001b622000000|  0%| F|  |TAMS 0x000001b620000000, 0x000001b620000000| Untracked 
|  17|0x000001b622000000, 0x000001b622000000, 0x000001b624000000|  0%| F|  |TAMS 0x000001b622000000, 0x000001b622000000| Untracked 
|  18|0x000001b624000000, 0x000001b624000000, 0x000001b626000000|  0%| F|  |TAMS 0x000001b624000000, 0x000001b624000000| Untracked 
|  19|0x000001b626000000, 0x000001b626000000, 0x000001b628000000|  0%| F|  |TAMS 0x000001b626000000, 0x000001b626000000| Untracked 
|  20|0x000001b628000000, 0x000001b628000000, 0x000001b62a000000|  0%| F|  |TAMS 0x000001b628000000, 0x000001b628000000| Untracked 
|  21|0x000001b62a000000, 0x000001b62a000000, 0x000001b62c000000|  0%| F|  |TAMS 0x000001b62a000000, 0x000001b62a000000| Untracked 
|  22|0x000001b62c000000, 0x000001b62c000000, 0x000001b62e000000|  0%| F|  |TAMS 0x000001b62c000000, 0x000001b62c000000| Untracked 
|  23|0x000001b62e000000, 0x000001b62e000000, 0x000001b630000000|  0%| F|  |TAMS 0x000001b62e000000, 0x000001b62e000000| Untracked 
|  24|0x000001b630000000, 0x000001b630000000, 0x000001b632000000|  0%| F|  |TAMS 0x000001b630000000, 0x000001b630000000| Untracked 
|  25|0x000001b632000000, 0x000001b632000000, 0x000001b634000000|  0%| F|  |TAMS 0x000001b632000000, 0x000001b632000000| Untracked 
|  26|0x000001b634000000, 0x000001b634000000, 0x000001b636000000|  0%| F|  |TAMS 0x000001b634000000, 0x000001b634000000| Untracked 
|  27|0x000001b636000000, 0x000001b636000000, 0x000001b638000000|  0%| F|  |TAMS 0x000001b636000000, 0x000001b636000000| Untracked 
|  28|0x000001b638000000, 0x000001b638000000, 0x000001b63a000000|  0%| F|  |TAMS 0x000001b638000000, 0x000001b638000000| Untracked 
|  29|0x000001b63a000000, 0x000001b63c000000, 0x000001b63c000000|100%| S|CS|TAMS 0x000001b63a000000, 0x000001b63a000000| Complete 
|  30|0x000001b63c000000, 0x000001b63c000000, 0x000001b63e000000|  0%| F|  |TAMS 0x000001b63c000000, 0x000001b63c000000| Untracked 
|  31|0x000001b63e000000, 0x000001b63e000000, 0x000001b640000000|  0%| F|  |TAMS 0x000001b63e000000, 0x000001b63e000000| Untracked 

Card table byte_map: [0x000001b5951b0000,0x000001b59b360000] _byte_map_base: 0x000001b4ba1b0000

Marking Bits (Prev, Next): (CMBitMap*) 0x000001b5fb154960, (CMBitMap*) 0x000001b5fb1549a0
 Prev Bits: [0x000001b5a1510000, 0x000001b5d2290000)
 Next Bits: [0x000001c236000000, 0x000001c266d80000)

Polling page: 0x000001b5fa870000

Metaspace:

Usage:
  Non-class:     12.30 MB used.
      Class:      1.31 MB used.
       Both:     13.61 MB used.

Virtual space:
  Non-class space:       64.00 MB reserved,      12.38 MB ( 19%) committed,  1 nodes.
      Class space:        1.00 GB reserved,       1.38 MB ( <1%) committed,  1 nodes.
             Both:        1.06 GB reserved,      13.75 MB (  1%) committed. 

Chunk freelists:
   Non-Class:  3.00 MB
       Class:  14.58 MB
        Both:  17.58 MB

MaxMetaspaceSize: unlimited
CompressedClassSpaceSize: 1.00 GB
Initial GC threshold: 21.00 MB
Current GC threshold: 21.00 MB
CDS: off
MetaspaceReclaimPolicy: balanced
 - commit_granule_bytes: 65536.
 - commit_granule_words: 8192.
 - virtual_space_node_default_size: 8388608.
 - enlarge_chunks_in_place: 1.
 - new_chunks_are_fully_committed: 0.
 - uncommit_free_chunks: 1.
 - use_allocation_guard: 0.
 - handle_deallocations: 1.


Internal statistics:

num_allocs_failed_limit: 0.
num_arena_births: 142.
num_arena_deaths: 0.
num_vsnodes_births: 2.
num_vsnodes_deaths: 0.
num_space_committed: 220.
num_space_uncommitted: 0.
num_chunks_returned_to_freelist: 0.
num_chunks_taken_from_freelist: 213.
num_chunk_merges: 0.
num_chunk_splits: 129.
num_chunks_enlarged: 78.
num_inconsistent_stats: 0.

CodeHeap 'non-profiled nmethods': size=120000Kb used=288Kb max_used=288Kb free=119711Kb
 bounds [0x000001b587ad0000, 0x000001b587d40000, 0x000001b58f000000]
CodeHeap 'profiled nmethods': size=120000Kb used=1322Kb max_used=1322Kb free=118678Kb
 bounds [0x000001b580000000, 0x000001b580270000, 0x000001b587530000]
CodeHeap 'non-nmethods': size=5760Kb used=1277Kb max_used=1302Kb free=4482Kb
 bounds [0x000001b587530000, 0x000001b5877a0000, 0x000001b587ad0000]
 total_blobs=1482 nmethods=874 adapters=521
 compilation: enabled
              stopped_count=0, restarted_count=0
 full_count=0

Compilation events (20 events):
Event: 2.129 Thread 0x000001b5ff78cb50  866   !   4       java.util.zip.Inflater::inflate (418 bytes)
Event: 2.136 Thread 0x000001b5ff78cb50 nmethod 866 0x000001b587b14090 code [0x000001b587b14280, 0x000001b587b14ac0]
Event: 2.161 Thread 0x000001b5ff78f610  867       3       java.security.AccessController::doPrivileged (9 bytes)
Event: 2.162 Thread 0x000001b5ff78f610 nmethod 867 0x000001b580149410 code [0x000001b5801495e0, 0x000001b5801498f8]
Event: 2.179 Thread 0x000001b5ff78cb50  868       4       java.util.zip.InflaterInputStream::available (32 bytes)
Event: 2.180 Thread 0x000001b5ff78cb50 nmethod 868 0x000001b587b15390 code [0x000001b587b15520, 0x000001b587b15758]
Event: 2.193 Thread 0x000001b5ff78f610  869       3       javax.imageio.stream.ImageInputStreamImpl::readInt (142 bytes)
Event: 2.194 Thread 0x000001b5ff78f610 nmethod 869 0x000001b580149a90 code [0x000001b580149c60, 0x000001b58014a098]
Event: 2.200 Thread 0x000001b5ff78f610  870       3       java.lang.ref.PhantomReference::<init> (7 bytes)
Event: 2.201 Thread 0x000001b5ff78f610 nmethod 870 0x000001b58014a290 code [0x000001b58014a440, 0x000001b58014a718]
Event: 2.203 Thread 0x000001b5ff78cb50  871       4       java.awt.image.BufferedImage::getSampleModel (8 bytes)
Event: 2.204 Thread 0x000001b5ff78cb50 nmethod 871 0x000001b587b15890 code [0x000001b587b15a00, 0x000001b587b15a78]
Event: 2.204 Thread 0x000001b5ff78cb50  872       4       com.sun.imageio.plugins.png.PNGImageReader::updateImageProgress (30 bytes)
Event: 2.204 Thread 0x000001b5ff78cb50 nmethod 872 0x000001b587b15b90 code [0x000001b587b15d20, 0x000001b587b15dd8]
Event: 2.208 Thread 0x000001b5ff78cb50  873  s    4       java.io.BufferedInputStream::read (113 bytes)
Event: 2.213 Thread 0x000001b5ff78cb50 nmethod 873 0x000001b587b15e90 code [0x000001b587b16040, 0x000001b587b166f8]
Event: 2.213 Thread 0x000001b5ff78cb50  874       4       java.io.DataInputStream::readFully (59 bytes)
Event: 2.220 Thread 0x000001b5ff78cb50 nmethod 874 0x000001b587b16b10 code [0x000001b587b16ce0, 0x000001b587b177d8]
Event: 2.220 Thread 0x000001b5ff78cb50  875       4       sun.awt.image.ByteInterleavedRaster::getDataElements (15 bytes)
Event: 2.221 Thread 0x000001b5ff78cb50 nmethod 875 0x000001b587b17e10 code [0x000001b587b17fa0, 0x000001b587b18048]

GC Heap History (11 events):
Event: 1.662 GC heap before
{Heap before GC invocations=0 (full 0):
 garbage-first heap   total 1048576K, used 131072K [0x000001b600000000, 0x000001c236000000)
  region size 32768K, 1 young (32768K), 0 survivors (0K)
 Metaspace       used 12206K, committed 12416K, reserved 1114112K
  class space    used 1175K, committed 1280K, reserved 1048576K
}
Event: 1.672 GC heap after
{Heap after GC invocations=1 (full 0):
 garbage-first heap   total 1048576K, used 145570K [0x000001b600000000, 0x000001c236000000)
  region size 32768K, 1 young (32768K), 1 survivors (32768K)
 Metaspace       used 12206K, committed 12416K, reserved 1114112K
  class space    used 1175K, committed 1280K, reserved 1048576K
}
Event: 1.680 GC heap before
{Heap before GC invocations=1 (full 0):
 garbage-first heap   total 1048576K, used 145570K [0x000001b600000000, 0x000001c236000000)
  region size 32768K, 2 young (65536K), 1 survivors (32768K)
 Metaspace       used 12209K, committed 12416K, reserved 1114112K
  class space    used 1175K, committed 1280K, reserved 1048576K
}
Event: 1.698 GC heap after
{Heap after GC invocations=2 (full 0):
 garbage-first heap   total 1048576K, used 161921K [0x000001b600000000, 0x000001c236000000)
  region size 32768K, 1 young (32768K), 1 survivors (32768K)
 Metaspace       used 12209K, committed 12416K, reserved 1114112K
  class space    used 1175K, committed 1280K, reserved 1048576K
}
Event: 1.703 GC heap before
{Heap before GC invocations=2 (full 0):
 garbage-first heap   total 1048576K, used 161921K [0x000001b600000000, 0x000001c236000000)
  region size 32768K, 2 young (65536K), 1 survivors (32768K)
 Metaspace       used 12209K, committed 12416K, reserved 1114112K
  class space    used 1175K, committed 1280K, reserved 1048576K
}
Event: 1.725 GC heap after
{Heap after GC invocations=3 (full 0):
 garbage-first heap   total 1048576K, used 175365K [0x000001b600000000, 0x000001c236000000)
  region size 32768K, 1 young (32768K), 1 survivors (32768K)
 Metaspace       used 12209K, committed 12416K, reserved 1114112K
  class space    used 1175K, committed 1280K, reserved 1048576K
}
Event: 2.031 GC heap before
{Heap before GC invocations=3 (full 0):
 garbage-first heap   total 1048576K, used 208133K [0x000001b600000000, 0x000001c236000000)
  region size 32768K, 2 young (65536K), 1 survivors (32768K)
 Metaspace       used 13929K, committed 14080K, reserved 1114112K
  class space    used 1342K, committed 1408K, reserved 1048576K
}
Event: 2.058 GC heap after
{Heap after GC invocations=4 (full 0):
 garbage-first heap   total 1048576K, used 202246K [0x000001b600000000, 0x000001c236000000)
  region size 32768K, 1 young (32768K), 1 survivors (32768K)
 Metaspace       used 13929K, committed 14080K, reserved 1114112K
  class space    used 1342K, committed 1408K, reserved 1048576K
}
Event: 2.140 GC heap before
{Heap before GC invocations=4 (full 0):
 garbage-first heap   total 1048576K, used 235014K [0x000001b600000000, 0x000001c236000000)
  region size 32768K, 2 young (65536K), 1 survivors (32768K)
 Metaspace       used 13939K, committed 14080K, reserved 1114112K
  class space    used 1343K, committed 1408K, reserved 1048576K
}
Event: 2.155 GC heap after
{Heap after GC invocations=5 (full 0):
 garbage-first heap   total 1048576K, used 233649K [0x000001b600000000, 0x000001c236000000)
  region size 32768K, 1 young (32768K), 1 survivors (32768K)
 Metaspace       used 13939K, committed 14080K, reserved 1114112K
  class space    used 1343K, committed 1408K, reserved 1048576K
}
Event: 2.237 GC heap before
{Heap before GC invocations=5 (full 0):
 garbage-first heap   total 1048576K, used 266417K [0x000001b600000000, 0x000001c236000000)
  region size 32768K, 2 young (65536K), 1 survivors (32768K)
 Metaspace       used 13940K, committed 14080K, reserved 1114112K
  class space    used 1343K, committed 1408K, reserved 1048576K
}

Dll operation events (8 events):
Event: 0.013 Loaded shared library C:\Users\44797\.p2\pool\plugins\org.eclipse.justj.openjdk.hotspot.jre.full.win32.x86_64_17.0.11.v20240426-1830\jre\bin\java.dll
Event: 1.082 Loaded shared library C:\Users\44797\.p2\pool\plugins\org.eclipse.justj.openjdk.hotspot.jre.full.win32.x86_64_17.0.11.v20240426-1830\jre\bin\jimage.dll
Event: 1.133 Loaded shared library C:\Users\44797\.p2\pool\plugins\org.eclipse.justj.openjdk.hotspot.jre.full.win32.x86_64_17.0.11.v20240426-1830\jre\bin\awt.dll
Event: 1.392 Loaded shared library C:\Users\44797\.p2\pool\plugins\org.eclipse.justj.openjdk.hotspot.jre.full.win32.x86_64_17.0.11.v20240426-1830\jre\bin\freetype.dll
Event: 1.393 Loaded shared library C:\Users\44797\.p2\pool\plugins\org.eclipse.justj.openjdk.hotspot.jre.full.win32.x86_64_17.0.11.v20240426-1830\jre\bin\fontmanager.dll
Event: 1.899 Loaded shared library C:\Users\44797\.p2\pool\plugins\org.eclipse.justj.openjdk.hotspot.jre.full.win32.x86_64_17.0.11.v20240426-1830\jre\bin\net.dll
Event: 1.900 Loaded shared library C:\Users\44797\.p2\pool\plugins\org.eclipse.justj.openjdk.hotspot.jre.full.win32.x86_64_17.0.11.v20240426-1830\jre\bin\nio.dll
Event: 1.987 Loaded shared library C:\Users\44797\.p2\pool\plugins\org.eclipse.justj.openjdk.hotspot.jre.full.win32.x86_64_17.0.11.v20240426-1830\jre\bin\zip.dll

Deoptimization events (20 events):
Event: 2.016 Thread 0x000001b5ff8f4a30 DEOPT PACKING pc=0x000001b580134798 sp=0x000000aa66afe3f0
Event: 2.016 Thread 0x000001b5ff8f4a30 DEOPT UNPACKING pc=0x000001b587587143 sp=0x000000aa66afd8e8 mode 0
Event: 2.017 Thread 0x000001b5ff8f4a30 DEOPT PACKING pc=0x000001b580134798 sp=0x000000aa66afe3f0
Event: 2.017 Thread 0x000001b5ff8f4a30 DEOPT UNPACKING pc=0x000001b587587143 sp=0x000000aa66afd8e8 mode 0
Event: 2.017 Thread 0x000001b5ff8f4a30 DEOPT PACKING pc=0x000001b580134798 sp=0x000000aa66afe3f0
Event: 2.017 Thread 0x000001b5ff8f4a30 DEOPT UNPACKING pc=0x000001b587587143 sp=0x000000aa66afd8e8 mode 0
Event: 2.017 Thread 0x000001b5ff8f4a30 DEOPT PACKING pc=0x000001b580134798 sp=0x000000aa66afe400
Event: 2.017 Thread 0x000001b5ff8f4a30 DEOPT UNPACKING pc=0x000001b587587143 sp=0x000000aa66afd8f8 mode 0
Event: 2.018 Thread 0x000001b5ff8f4a30 DEOPT PACKING pc=0x000001b580134798 sp=0x000000aa66afe400
Event: 2.018 Thread 0x000001b5ff8f4a30 DEOPT UNPACKING pc=0x000001b587587143 sp=0x000000aa66afd8f8 mode 0
Event: 2.018 Thread 0x000001b5ff8f4a30 DEOPT PACKING pc=0x000001b580134798 sp=0x000000aa66afe480
Event: 2.018 Thread 0x000001b5ff8f4a30 DEOPT UNPACKING pc=0x000001b587587143 sp=0x000000aa66afd948 mode 0
Event: 2.018 Thread 0x000001b5ff8f4a30 DEOPT PACKING pc=0x000001b580134798 sp=0x000000aa66afe480
Event: 2.018 Thread 0x000001b5ff8f4a30 DEOPT UNPACKING pc=0x000001b587587143 sp=0x000000aa66afd948 mode 0
Event: 2.018 Thread 0x000001b5ff8f4a30 DEOPT PACKING pc=0x000001b580134798 sp=0x000000aa66afe480
Event: 2.018 Thread 0x000001b5ff8f4a30 DEOPT UNPACKING pc=0x000001b587587143 sp=0x000000aa66afd948 mode 0
Event: 2.018 Thread 0x000001b5ff8f4a30 DEOPT PACKING pc=0x000001b580134798 sp=0x000000aa66afe480
Event: 2.018 Thread 0x000001b5ff8f4a30 DEOPT UNPACKING pc=0x000001b587587143 sp=0x000000aa66afd948 mode 0
Event: 2.019 Thread 0x000001b5ff8f4a30 DEOPT PACKING pc=0x000001b580134798 sp=0x000000aa66afe480
Event: 2.019 Thread 0x000001b5ff8f4a30 DEOPT UNPACKING pc=0x000001b587587143 sp=0x000000aa66afd948 mode 0

Classes unloaded (0 events):
No events

Classes redefined (0 events):
No events

Internal exceptions (12 events):
Event: 1.121 Thread 0x000001b5fb0b94d0 Exception <a 'java/lang/ClassNotFoundException'{0x000001b63e2403f0}: sun/awt/resources/spi/awtProvider> (0x000001b63e2403f0) 
thrown [s\src\hotspot\share\classfile\systemDictionary.cpp, line 256]
Event: 1.155 Thread 0x000001b5fb0b94d0 Exception <a 'java/io/FileNotFoundException'{0x000001b63e2b51c8}> (0x000001b63e2b51c8) 
thrown [s\src\hotspot\share\prims\jni.cpp, line 516]
Event: 1.163 Thread 0x000001b5fb0b94d0 Exception <a 'java/io/FileNotFoundException'{0x000001b63e2eeb98}> (0x000001b63e2eeb98) 
thrown [s\src\hotspot\share\prims\jni.cpp, line 516]
Event: 1.211 Thread 0x000001b5fb0b94d0 Exception <a 'java/lang/NoSuchMethodError'{0x000001b63e336f68}: 'java.lang.Object java.lang.invoke.DirectMethodHandle$Holder.invokeStaticInit(java.lang.Object)'> (0x000001b63e336f68) 
thrown [s\src\hotspot\share\interpreter\linkResolver.cpp, line 759]
Event: 1.274 Thread 0x000001b5ff8f4a30 Exception <a 'java/lang/NoSuchMethodError'{0x000001b63e4ee9c0}: 'void java.lang.invoke.DirectMethodHandle$Holder.invokeSpecial(java.lang.Object, java.lang.Object, java.lang.Object)'> (0x000001b63e4ee9c0) 
thrown [s\src\hotspot\share\interpreter\linkResolver.cpp, line 759]
Event: 1.285 Thread 0x000001b5ff8f4a30 Exception <a 'java/lang/NoSuchMethodError'{0x000001b63e5cb2b8}: 'java.lang.Object java.lang.invoke.DirectMethodHandle$Holder.newInvokeSpecial(java.lang.Object, java.lang.Object, java.lang.Object, java.lang.Object, java.lang.Object)'> (0x000001b63e5cb2b8) 
thrown [s\src\hotspot\share\interpreter\linkResolver.cpp, line 759]
Event: 1.287 Thread 0x000001b5ff8f4a30 Exception <a 'java/lang/NoSuchMethodError'{0x000001b63e5da508}: 'java.lang.Object java.lang.invoke.DirectMethodHandle$Holder.invokeStatic(java.lang.Object, int, java.lang.Object, java.lang.Object, java.lang.Object, java.lang.Object)'> (0x000001b63e5da508) 
thrown [s\src\hotspot\share\interpreter\linkResolver.cpp, line 759]
Event: 1.291 Thread 0x000001b5ff8f4a30 Exception <a 'java/lang/NoSuchMethodError'{0x000001b63e60a758}: 'java.lang.Object java.lang.invoke.DirectMethodHandle$Holder.invokeStatic(java.lang.Object, int, java.lang.Object)'> (0x000001b63e60a758) 
thrown [s\src\hotspot\share\interpreter\linkResolver.cpp, line 759]
Event: 1.325 Thread 0x000001b5ff8f4a30 Exception <a 'java/lang/ClassNotFoundException'{0x000001b63e6faad0}: com/sun/swing/internal/plaf/metal/resources/spi/metalProvider> (0x000001b63e6faad0) 
thrown [s\src\hotspot\share\classfile\systemDictionary.cpp, line 256]
Event: 1.326 Thread 0x000001b5ff8f4a30 Exception <a 'java/lang/ClassNotFoundException'{0x000001b63e6ffa08}: com/sun/swing/internal/plaf/basic/resources/spi/basicProvider> (0x000001b63e6ffa08) 
thrown [s\src\hotspot\share\classfile\systemDictionary.cpp, line 256]
Event: 1.371 Thread 0x000001b5ff8f4520 Exception <a 'java/lang/NoSuchMethodError'{0x000001b63e3eb238}: 'void java.lang.invoke.DirectMethodHandle$Holder.invokeVirtual(java.lang.Object, java.lang.Object)'> (0x000001b63e3eb238) 
thrown [s\src\hotspot\share\interpreter\linkResolver.cpp, line 759]
Event: 1.387 Thread 0x000001b5ff8f4a30 Exception <a 'java/lang/NoSuchMethodError'{0x000001b63e793468}: 'void java.lang.invoke.DirectMethodHandle$Holder.invokeStaticInit(java.lang.Object)'> (0x000001b63e793468) 
thrown [s\src\hotspot\share\interpreter\linkResolver.cpp, line 759]

VM Operations (19 events):
Event: 1.324 Executing VM operation: HandshakeAllThreads
Event: 1.324 Executing VM operation: HandshakeAllThreads done
Event: 1.354 Executing VM operation: HandshakeAllThreads
Event: 1.354 Executing VM operation: HandshakeAllThreads done
Event: 1.407 Executing VM operation: HandshakeAllThreads
Event: 1.407 Executing VM operation: HandshakeAllThreads done
Event: 1.662 Executing VM operation: G1CollectForAllocation
Event: 1.672 Executing VM operation: G1CollectForAllocation done
Event: 1.680 Executing VM operation: G1CollectForAllocation
Event: 1.698 Executing VM operation: G1CollectForAllocation done
Event: 1.703 Executing VM operation: G1CollectForAllocation
Event: 1.725 Executing VM operation: G1CollectForAllocation done
Event: 1.857 Executing VM operation: HandshakeAllThreads
Event: 1.857 Executing VM operation: HandshakeAllThreads done
Event: 2.031 Executing VM operation: G1CollectForAllocation
Event: 2.058 Executing VM operation: G1CollectForAllocation done
Event: 2.140 Executing VM operation: G1CollectForAllocation
Event: 2.155 Executing VM operation: G1CollectForAllocation done
Event: 2.237 Executing VM operation: G1CollectForAllocation

Events (20 events):
Event: 1.988 loading class java/awt/image/ComponentColorModel
Event: 1.988 loading class java/awt/image/ComponentColorModel done
Event: 1.989 loading class java/awt/image/PixelInterleavedSampleModel
Event: 1.989 loading class java/awt/image/ComponentSampleModel
Event: 1.989 loading class java/awt/image/ComponentSampleModel done
Event: 1.989 loading class java/awt/image/PixelInterleavedSampleModel done
Event: 1.989 loading class javax/imageio/ImageTypeSpecifier$Packed
Event: 1.989 loading class javax/imageio/ImageTypeSpecifier$Packed done
Event: 1.989 loading class java/awt/image/DataBufferByte
Event: 1.990 loading class java/awt/image/DataBufferByte done
Event: 1.990 loading class sun/awt/image/ByteInterleavedRaster
Event: 1.990 loading class sun/awt/image/ByteComponentRaster
Event: 1.990 loading class sun/awt/image/ByteComponentRaster done
Event: 1.990 loading class sun/awt/image/ByteInterleavedRaster done
Event: 1.991 loading class sun/awt/image/ShortComponentRaster
Event: 1.991 loading class sun/awt/image/ShortComponentRaster done
Event: 1.991 loading class com/sun/imageio/plugins/common/ReaderUtil
Event: 1.991 loading class com/sun/imageio/plugins/common/ReaderUtil done
Event: 2.063 loading class java/io/RandomAccessFile$1
Event: 2.063 loading class java/io/RandomAccessFile$1 done


Dynamic libraries:
0x00007ff774fb0000 - 0x00007ff774fbe000 	C:\Users\44797\.p2\pool\plugins\org.eclipse.justj.openjdk.hotspot.jre.full.win32.x86_64_17.0.11.v20240426-1830\jre\bin\javaw.exe
0x00007fff6e670000 - 0x00007fff6e887000 	C:\Windows\SYSTEM32\ntdll.dll
0x00007fff6c630000 - 0x00007fff6c6f4000 	C:\Windows\System32\KERNEL32.DLL
0x00007fff6bf30000 - 0x00007fff6c2e9000 	C:\Windows\System32\KERNELBASE.dll
0x00007fff6bcf0000 - 0x00007fff6be01000 	C:\Windows\System32\ucrtbase.dll
0x00007fff60060000 - 0x00007fff60077000 	C:\Users\44797\.p2\pool\plugins\org.eclipse.justj.openjdk.hotspot.jre.full.win32.x86_64_17.0.11.v20240426-1830\jre\bin\jli.dll
0x00007fff66770000 - 0x00007fff6678b000 	C:\Users\44797\.p2\pool\plugins\org.eclipse.justj.openjdk.hotspot.jre.full.win32.x86_64_17.0.11.v20240426-1830\jre\bin\VCRUNTIME140.dll
0x00007fff6e310000 - 0x00007fff6e4be000 	C:\Windows\System32\USER32.dll
0x00007fff4a010000 - 0x00007fff4a2a2000 	C:\Windows\WinSxS\amd64_microsoft.windows.common-controls_6595b64144ccf1df_6.0.22621.4391_none_2715d37f73803e96\COMCTL32.dll
0x00007fff6c360000 - 0x00007fff6c386000 	C:\Windows\System32\win32u.dll
0x00007fff6c700000 - 0x00007fff6c7a7000 	C:\Windows\System32\msvcrt.dll
0x00007fff6c5f0000 - 0x00007fff6c619000 	C:\Windows\System32\GDI32.dll
0x00007fff6ba30000 - 0x00007fff6bb4b000 	C:\Windows\System32\gdi32full.dll
0x00007fff6be10000 - 0x00007fff6beaa000 	C:\Windows\System32\msvcp_win.dll
0x00007fff6c4d0000 - 0x00007fff6c501000 	C:\Windows\System32\IMM32.DLL
0x00007fff600c0000 - 0x00007fff600cc000 	C:\Users\44797\.p2\pool\plugins\org.eclipse.justj.openjdk.hotspot.jre.full.win32.x86_64_17.0.11.v20240426-1830\jre\bin\vcruntime140_1.dll
0x00007fff50bb0000 - 0x00007fff50c3d000 	C:\Users\44797\.p2\pool\plugins\org.eclipse.justj.openjdk.hotspot.jre.full.win32.x86_64_17.0.11.v20240426-1830\jre\bin\msvcp140.dll
0x00007fff2eb60000 - 0x00007fff2f7c2000 	C:\Users\44797\.p2\pool\plugins\org.eclipse.justj.openjdk.hotspot.jre.full.win32.x86_64_17.0.11.v20240426-1830\jre\bin\server\jvm.dll
0x00007fff6ca30000 - 0x00007fff6cae2000 	C:\Windows\System32\ADVAPI32.dll
0x00007fff6d190000 - 0x00007fff6d237000 	C:\Windows\System32\sechost.dll
0x00007fff6bcc0000 - 0x00007fff6bce8000 	C:\Windows\System32\bcrypt.dll
0x00007fff6e4c0000 - 0x00007fff6e5d4000 	C:\Windows\System32\RPCRT4.dll
0x00007fff6b690000 - 0x00007fff6b6dd000 	C:\Windows\SYSTEM32\POWRPROF.dll
0x00007fff64e40000 - 0x00007fff64e49000 	C:\Windows\SYSTEM32\WSOCK32.dll
0x00007fff65220000 - 0x00007fff65254000 	C:\Windows\SYSTEM32\WINMM.dll
0x00007fff6c7b0000 - 0x00007fff6c821000 	C:\Windows\System32\WS2_32.dll
0x00007fff66db0000 - 0x00007fff66dba000 	C:\Windows\SYSTEM32\VERSION.dll
0x00007fff6b670000 - 0x00007fff6b683000 	C:\Windows\SYSTEM32\UMPDC.dll
0x00007fff6a9b0000 - 0x00007fff6a9c8000 	C:\Windows\SYSTEM32\kernel.appcore.dll
0x00007fff64d00000 - 0x00007fff64d0a000 	C:\Users\44797\.p2\pool\plugins\org.eclipse.justj.openjdk.hotspot.jre.full.win32.x86_64_17.0.11.v20240426-1830\jre\bin\jimage.dll
0x00007fff66010000 - 0x00007fff66242000 	C:\Windows\SYSTEM32\DBGHELP.DLL
0x00007fff6df80000 - 0x00007fff6e30f000 	C:\Windows\System32\combase.dll
0x00007fff6dce0000 - 0x00007fff6ddb7000 	C:\Windows\System32\OLEAUT32.dll
0x00007fff65eb0000 - 0x00007fff65ee2000 	C:\Windows\SYSTEM32\dbgcore.DLL
0x00007fff6beb0000 - 0x00007fff6bf2b000 	C:\Windows\System32\bcryptPrimitives.dll
0x00007fff5cd20000 - 0x00007fff5cd45000 	C:\Users\44797\.p2\pool\plugins\org.eclipse.justj.openjdk.hotspot.jre.full.win32.x86_64_17.0.11.v20240426-1830\jre\bin\java.dll
0x00007fff60040000 - 0x00007fff60058000 	C:\Users\44797\.p2\pool\plugins\org.eclipse.justj.openjdk.hotspot.jre.full.win32.x86_64_17.0.11.v20240426-1830\jre\bin\zip.dll
0x00007fff6d360000 - 0x00007fff6dbd6000 	C:\Windows\System32\SHELL32.dll
0x00007fff698b0000 - 0x00007fff6a1b3000 	C:\Windows\SYSTEM32\windows.storage.dll
0x00007fff69770000 - 0x00007fff698af000 	C:\Windows\SYSTEM32\wintypes.dll
0x00007fff6d240000 - 0x00007fff6d339000 	C:\Windows\System32\SHCORE.dll
0x00007fff6c410000 - 0x00007fff6c46e000 	C:\Windows\System32\shlwapi.dll
0x00007fff6b8a0000 - 0x00007fff6b8cb000 	C:\Windows\SYSTEM32\profapi.dll
0x00007fff4c700000 - 0x00007fff4c890000 	C:\Users\44797\.p2\pool\plugins\org.eclipse.justj.openjdk.hotspot.jre.full.win32.x86_64_17.0.11.v20240426-1830\jre\bin\awt.dll
0x00007fff686a0000 - 0x00007fff68737000 	C:\Windows\SYSTEM32\apphelp.dll
0x00007fff68eb0000 - 0x00007fff68f61000 	C:\Windows\system32\uxtheme.dll
0x00007fff6c8d0000 - 0x00007fff6ca30000 	C:\Windows\System32\MSCTF.dll
0x00007fff6cf80000 - 0x00007fff6d125000 	C:\Windows\System32\ole32.dll
0x00007fff692e0000 - 0x00007fff6930b000 	C:\Windows\system32\DWMAPI.DLL
0x00007fff492d0000 - 0x00007fff493d0000 	C:\Windows\system32\opengl32.dll
0x00007fff58910000 - 0x00007fff5893d000 	C:\Windows\SYSTEM32\GLU32.dll
0x00007fff68fb0000 - 0x00007fff68fe7000 	C:\Windows\SYSTEM32\dxcore.dll
0x00007fff50b20000 - 0x00007fff50ba7000 	C:\Users\44797\.p2\pool\plugins\org.eclipse.justj.openjdk.hotspot.jre.full.win32.x86_64_17.0.11.v20240426-1830\jre\bin\freetype.dll
0x00007fff4d9e0000 - 0x00007fff4dac2000 	C:\Users\44797\.p2\pool\plugins\org.eclipse.justj.openjdk.hotspot.jre.full.win32.x86_64_17.0.11.v20240426-1830\jre\bin\fontmanager.dll
0x00007fff52bc0000 - 0x00007fff52d05000 	C:\Windows\SYSTEM32\textinputframework.dll
0x00007fff5c150000 - 0x00007fff5c169000 	C:\Users\44797\.p2\pool\plugins\org.eclipse.justj.openjdk.hotspot.jre.full.win32.x86_64_17.0.11.v20240426-1830\jre\bin\net.dll
0x00007fff66c10000 - 0x00007fff66d46000 	C:\Windows\SYSTEM32\WINHTTP.dll
0x00007fff6ae30000 - 0x00007fff6ae99000 	C:\Windows\system32\mswsock.dll
0x00007fff5bb60000 - 0x00007fff5bb76000 	C:\Users\44797\.p2\pool\plugins\org.eclipse.justj.openjdk.hotspot.jre.full.win32.x86_64_17.0.11.v20240426-1830\jre\bin\nio.dll
0x00007fff67fb0000 - 0x00007fff680e3000 	C:\Windows\SYSTEM32\CoreMessaging.dll
0x00007fff5ada0000 - 0x00007fff5b10d000 	C:\Windows\SYSTEM32\CoreUIComponents.dll
0x00007fff6b0a0000 - 0x00007fff6b0ac000 	C:\Windows\SYSTEM32\CRYPTBASE.DLL

dbghelp: loaded successfully - version: 4.0.5 - missing functions: none
symbol engine: initialized successfully - sym options: 0x614 - pdb path: .;C:\Users\44797\.p2\pool\plugins\org.eclipse.justj.openjdk.hotspot.jre.full.win32.x86_64_17.0.11.v20240426-1830\jre\bin;C:\Windows\SYSTEM32;C:\Windows\WinSxS\amd64_microsoft.windows.common-controls_6595b64144ccf1df_6.0.22621.4391_none_2715d37f73803e96;C:\Users\44797\.p2\pool\plugins\org.eclipse.justj.openjdk.hotspot.jre.full.win32.x86_64_17.0.11.v20240426-1830\jre\bin\server

VM Arguments:
jvm_args: -Xmx50000M -Dfile.encoding=windows-1252 -Dstdout.encoding=windows-1252 -Dstderr.encoding=windows-1252 -XX:+ShowCodeDetailsInExceptionMessages 
java_command: ApplicationMain
java_class_path (initial): C:\simon\mouse_organ\MouseOrgan4\src
Launcher Type: SUN_STANDARD

[Global flags]
     intx CICompilerCount                          = 4                                         {product} {ergonomic}
     uint ConcGCThreads                            = 2                                         {product} {ergonomic}
     uint G1ConcRefinementThreads                  = 8                                         {product} {ergonomic}
   size_t G1HeapRegionSize                         = 33554432                                  {product} {ergonomic}
    uintx GCDrainStackTargetSize                   = 64                                        {product} {ergonomic}
   size_t InitialHeapSize                          = 1073741824                                {product} {ergonomic}
   size_t MarkStackSize                            = 4194304                                   {product} {ergonomic}
   size_t MaxHeapSize                              = 52445577216                               {product} {command line, ergonomic}
   size_t MaxNewSize                               = 31440502784                               {product} {ergonomic}
   size_t MinHeapDeltaBytes                        = 33554432                                  {product} {ergonomic}
   size_t MinHeapSize                              = 33554432                                  {product} {ergonomic}
    uintx NonNMethodCodeHeapSize                   = 5839372                                {pd product} {ergonomic}
    uintx NonProfiledCodeHeapSize                  = 122909434                              {pd product} {ergonomic}
    uintx ProfiledCodeHeapSize                     = 122909434                              {pd product} {ergonomic}
    uintx ReservedCodeCacheSize                    = 251658240                              {pd product} {ergonomic}
     bool SegmentedCodeCache                       = true                                      {product} {ergonomic}
     bool ShowCodeDetailsInExceptionMessages       = true                                   {manageable} {command line}
   size_t SoftMaxHeapSize                          = 52445577216                            {manageable} {ergonomic}
     bool UseCompressedClassPointers               = true                           {product lp64_product} {ergonomic}
     bool UseG1GC                                  = true                                      {product} {ergonomic}
     bool UseLargePagesIndividualAllocation        = false                                  {pd product} {ergonomic}

Logging:
Log output configuration:
 #0: stdout all=warning uptime,level,tags
 #1: stderr all=off uptime,level,tags

Environment Variables:
PATH=C:/Users/44797/.p2/pool/plugins/org.eclipse.justj.openjdk.hotspot.jre.full.win32.x86_64_17.0.11.v20240426-1830/jre/bin/server;C:/Users/44797/.p2/pool/plugins/org.eclipse.justj.openjdk.hotspot.jre.full.win32.x86_64_17.0.11.v20240426-1830/jre/bin;C:\Windows\system32;C:\Windows;C:\Windows\System32\Wbem;C:\Windows\System32\WindowsPowerShell\v1.0\;C:\Windows\System32\OpenSSH\;C:\Users\44797\AppData\Local\Microsoft\WindowsApps;;C:\Users\44797\eclipse\java-2024-03\eclipse;
USERNAME=44797
OS=Windows_NT
PROCESSOR_IDENTIFIER=Intel64 Family 6 Model 94 Stepping 3, GenuineIntel
TMP=C:\Users\44797\AppData\Local\Temp
TEMP=C:\Users\44797\AppData\Local\Temp



Periodic native trim disabled


---------------  S Y S T E M  ---------------

OS:
 Windows 11 , 64 bit Build 22621 (10.0.22621.4391)
OS uptime: 26 days 16:15 hours

CPU: total 8 (initial active 8) (4 cores per cpu, 2 threads per core) family 6 model 94 stepping 3 microcode 0xd6, cx8, cmov, fxsr, ht, mmx, 3dnowpref, sse, sse2, sse3, ssse3, sse4.1, sse4.2, popcnt, lzcnt, tsc, tscinvbit, avx, avx2, aes, erms, clmul, bmi1, bmi2, rtm, adx, fma, vzeroupper, clflush, clflushopt
Processor Information for all 8 processors :
  Max Mhz: 3408, Current Mhz: 3408, Mhz Limit: 3408

Memory: 4k page, system-wide physical 65425M (25099M free)
TotalPageFile size 122485M (AvailPageFile size 269M)
current process WorkingSet (physical memory assigned to process): 348M, peak: 348M
current process commit charge ("private bytes"): 1179M, peak: 3227M

vm_info: OpenJDK 64-Bit Server VM (17.0.11+9) for windows-amd64 JRE (17.0.11+9), built on Apr 17 2024 06:07:48 by "admin" with MS VC++ 16.10 / 16.11 (VS2019)

END.
